[ 2016-04-02T12:35:16+08:00 ] ::1 /
INFO: [ app_init ] --START--
INFO: Run Behavior\BuildLiteBehavior [ RunTime:0.000024s ]
INFO: [ app_init ] --END-- [ RunTime:0.003762s ]
INFO: [ app_begin ] --START--
INFO: Run Behavior\ReadHtmlCacheBehavior [ RunTime:0.001990s ]
INFO: [ app_begin ] --END-- [ RunTime:0.002095s ]
SQL: SHOW COLUMNS FROM `ast_article` [ RunTime:0.0148s ]
SQL: SELECT * FROM `ast_article`  [ RunTime:0.0023s ]
SQL: SELECT * FROM `ast_article` WHERE `art_cateid` = 4 LIMIT 0,6   [ RunTime:0.0025s ]
SQL: SELECT * FROM `ast_article` WHERE `art_cateid` = 10 LIMIT 0,9   [ RunTime:0.0006s ]
SQL: SELECT * FROM `ast_article` WHERE `art_cateid` = 5 LIMIT 0,6   [ RunTime:0.0008s ]
SQL: SELECT * FROM `ast_article` WHERE `art_cateid` = 6 LIMIT 0,6   [ RunTime:0.0006s ]
SQL: SELECT * FROM `ast_article` WHERE `art_cateid` = 7 LIMIT 0,6   [ RunTime:0.0007s ]
SQL: SELECT * FROM `ast_article` WHERE `art_cateid` = 8 LIMIT 0,6   [ RunTime:0.0010s ]
SQL: SELECT * FROM `ast_article` WHERE `art_cateid` = 9 LIMIT 0,6   [ RunTime:0.0008s ]
SQL: SELECT * FROM `ast_article` WHERE `art_cateid` = 10 LIMIT 0,6   [ RunTime:0.0008s ]
SQL: SELECT * FROM `ast_article` WHERE `art_cateid` = 11 LIMIT 0,6   [ RunTime:0.0006s ]
SQL: SELECT * FROM `ast_article` WHERE `art_cateid` = 19 LIMIT 0,6   [ RunTime:0.0004s ]
INFO: [ view_parse ] --START--
INFO: [ template_filter ] --START--
INFO: Run Behavior\ContentReplaceBehavior [ RunTime:0.000239s ]
INFO: [ template_filter ] --END-- [ RunTime:0.000309s ]
NOTIC: [8] Undefined variable: user C:\xampp\htdocs\aiston\Application\Runtime\Cache\Home\2a94b8bda04ff446dcedd42276fc99ee.php 第 22 行.
NOTIC: [8] Undefined variable: user C:\xampp\htdocs\aiston\Application\Runtime\Cache\Home\2a94b8bda04ff446dcedd42276fc99ee.php 第 27 行.
NOTIC: [8] Undefined variable: user C:\xampp\htdocs\aiston\Application\Runtime\Cache\Home\2a94b8bda04ff446dcedd42276fc99ee.php 第 33 行.
INFO: Run Behavior\ParseTemplateBehavior [ RunTime:0.038960s ]
INFO: [ view_parse ] --END-- [ RunTime:0.039063s ]
INFO: [ view_filter ] --START--
INFO: Run Behavior\WriteHtmlCacheBehavior [ RunTime:0.001578s ]
INFO: [ view_filter ] --END-- [ RunTime:0.001659s ]
INFO: [ app_end ] --START--
INFO: Run Behavior\ShowPageTraceBehavior [ RunTime:0.001984s ]
INFO: [ app_end ] --END-- [ RunTime:0.002073s ]

[ 2016-04-02T12:35:17+08:00 ] ::1 /
INFO: [ app_init ] --START--
INFO: Run Behavior\BuildLiteBehavior [ RunTime:0.000017s ]
INFO: [ app_init ] --END-- [ RunTime:0.000488s ]
INFO: [ app_begin ] --START--
INFO: Run Behavior\ReadHtmlCacheBehavior [ RunTime:0.001159s ]
INFO: [ app_begin ] --END-- [ RunTime:0.001246s ]
SQL: SHOW COLUMNS FROM `ast_article` [ RunTime:0.0074s ]
SQL: SELECT * FROM `ast_article`  [ RunTime:0.0013s ]
SQL: SELECT * FROM `ast_article` WHERE `art_cateid` = 4 LIMIT 0,6   [ RunTime:0.0005s ]
SQL: SELECT * FROM `ast_article` WHERE `art_cateid` = 10 LIMIT 0,9   [ RunTime:0.0005s ]
SQL: SELECT * FROM `ast_article` WHERE `art_cateid` = 5 LIMIT 0,6   [ RunTime:0.0006s ]
SQL: SELECT * FROM `ast_article` WHERE `art_cateid` = 6 LIMIT 0,6   [ RunTime:0.0004s ]
SQL: SELECT * FROM `ast_article` WHERE `art_cateid` = 7 LIMIT 0,6   [ RunTime:0.0004s ]
SQL: SELECT * FROM `ast_article` WHERE `art_cateid` = 8 LIMIT 0,6   [ RunTime:0.0006s ]
SQL: SELECT * FROM `ast_article` WHERE `art_cateid` = 9 LIMIT 0,6   [ RunTime:0.0004s ]
SQL: SELECT * FROM `ast_article` WHERE `art_cateid` = 10 LIMIT 0,6   [ RunTime:0.0005s ]
SQL: SELECT * FROM `ast_article` WHERE `art_cateid` = 11 LIMIT 0,6   [ RunTime:0.0005s ]
SQL: SELECT * FROM `ast_article` WHERE `art_cateid` = 19 LIMIT 0,6   [ RunTime:0.0004s ]
INFO: [ view_parse ] --START--
INFO: [ template_filter ] --START--
INFO: Run Behavior\ContentReplaceBehavior [ RunTime:0.000351s ]
INFO: [ template_filter ] --END-- [ RunTime:0.000458s ]
NOTIC: [8] Undefined variable: user C:\xampp\htdocs\aiston\Application\Runtime\Cache\Home\2a94b8bda04ff446dcedd42276fc99ee.php 第 22 行.
NOTIC: [8] Undefined variable: user C:\xampp\htdocs\aiston\Application\Runtime\Cache\Home\2a94b8bda04ff446dcedd42276fc99ee.php 第 27 行.
NOTIC: [8] Undefined variable: user C:\xampp\htdocs\aiston\Application\Runtime\Cache\Home\2a94b8bda04ff446dcedd42276fc99ee.php 第 33 行.
INFO: Run Behavior\ParseTemplateBehavior [ RunTime:0.025117s ]
INFO: [ view_parse ] --END-- [ RunTime:0.025185s ]
INFO: [ view_filter ] --START--
INFO: Run Behavior\WriteHtmlCacheBehavior [ RunTime:0.000596s ]
INFO: [ view_filter ] --END-- [ RunTime:0.000646s ]
INFO: [ app_end ] --START--
INFO: Run Behavior\ShowPageTraceBehavior [ RunTime:0.001558s ]
INFO: [ app_end ] --END-- [ RunTime:0.001683s ]

[ 2016-04-02T12:35:17+08:00 ] ::1 /index.php/Home/Common/verify.html
INFO: [ app_init ] --START--
INFO: Run Behavior\BuildLiteBehavior [ RunTime:0.000035s ]
INFO: [ app_init ] --END-- [ RunTime:0.034165s ]
INFO: [ app_begin ] --START--
INFO: Run Behavior\ReadHtmlCacheBehavior [ RunTime:0.001452s ]
INFO: [ app_begin ] --END-- [ RunTime:0.001619s ]
INFO: [ app_end ] --START--
INFO: Run Behavior\ShowPageTraceBehavior [ RunTime:0.001677s ]
INFO: [ app_end ] --END-- [ RunTime:0.001835s ]

[ 2016-04-02T12:35:19+08:00 ] ::1 /
INFO: [ app_init ] --START--
INFO: Run Behavior\BuildLiteBehavior [ RunTime:0.000016s ]
INFO: [ app_init ] --END-- [ RunTime:0.000637s ]
INFO: [ app_begin ] --START--
INFO: Run Behavior\ReadHtmlCacheBehavior [ RunTime:0.001032s ]
INFO: [ app_begin ] --END-- [ RunTime:0.001116s ]
SQL: SHOW COLUMNS FROM `ast_article` [ RunTime:0.0045s ]
SQL: SELECT * FROM `ast_article`  [ RunTime:0.0011s ]
SQL: SELECT * FROM `ast_article` WHERE `art_cateid` = 4 LIMIT 0,6   [ RunTime:0.0004s ]
SQL: SELECT * FROM `ast_article` WHERE `art_cateid` = 10 LIMIT 0,9   [ RunTime:0.0004s ]
SQL: SELECT * FROM `ast_article` WHERE `art_cateid` = 5 LIMIT 0,6   [ RunTime:0.0007s ]
SQL: SELECT * FROM `ast_article` WHERE `art_cateid` = 6 LIMIT 0,6   [ RunTime:0.0005s ]
SQL: SELECT * FROM `ast_article` WHERE `art_cateid` = 7 LIMIT 0,6   [ RunTime:0.0004s ]
SQL: SELECT * FROM `ast_article` WHERE `art_cateid` = 8 LIMIT 0,6   [ RunTime:0.0005s ]
SQL: SELECT * FROM `ast_article` WHERE `art_cateid` = 9 LIMIT 0,6   [ RunTime:0.0003s ]
SQL: SELECT * FROM `ast_article` WHERE `art_cateid` = 10 LIMIT 0,6   [ RunTime:0.0004s ]
SQL: SELECT * FROM `ast_article` WHERE `art_cateid` = 11 LIMIT 0,6   [ RunTime:0.0003s ]
SQL: SELECT * FROM `ast_article` WHERE `art_cateid` = 19 LIMIT 0,6   [ RunTime:0.0003s ]
INFO: [ view_parse ] --START--
INFO: [ template_filter ] --START--
INFO: Run Behavior\ContentReplaceBehavior [ RunTime:0.000248s ]
INFO: [ template_filter ] --END-- [ RunTime:0.000315s ]
NOTIC: [8] Undefined variable: user C:\xampp\htdocs\aiston\Application\Runtime\Cache\Home\2a94b8bda04ff446dcedd42276fc99ee.php 第 22 行.
NOTIC: [8] Undefined variable: user C:\xampp\htdocs\aiston\Application\Runtime\Cache\Home\2a94b8bda04ff446dcedd42276fc99ee.php 第 27 行.
NOTIC: [8] Undefined variable: user C:\xampp\htdocs\aiston\Application\Runtime\Cache\Home\2a94b8bda04ff446dcedd42276fc99ee.php 第 33 行.
INFO: Run Behavior\ParseTemplateBehavior [ RunTime:0.024858s ]
INFO: [ view_parse ] --END-- [ RunTime:0.024949s ]
INFO: [ view_filter ] --START--
INFO: Run Behavior\WriteHtmlCacheBehavior [ RunTime:0.000701s ]
INFO: [ view_filter ] --END-- [ RunTime:0.000751s ]
INFO: [ app_end ] --START--
INFO: Run Behavior\ShowPageTraceBehavior [ RunTime:0.001700s ]
INFO: [ app_end ] --END-- [ RunTime:0.001800s ]

[ 2016-04-02T12:35:19+08:00 ] ::1 /index.php/Home/Common/verify.html
INFO: [ app_init ] --START--
INFO: Run Behavior\BuildLiteBehavior [ RunTime:0.000025s ]
INFO: [ app_init ] --END-- [ RunTime:0.000887s ]
INFO: [ app_begin ] --START--
INFO: Run Behavior\ReadHtmlCacheBehavior [ RunTime:0.002007s ]
INFO: [ app_begin ] --END-- [ RunTime:0.002151s ]
INFO: [ app_end ] --START--
INFO: Run Behavior\ShowPageTraceBehavior [ RunTime:0.002410s ]
INFO: [ app_end ] --END-- [ RunTime:0.002674s ]

[ 2016-04-02T12:35:48+08:00 ] ::1 /index.php/Home/Article/Details/artid/118
INFO: [ app_init ] --START--
INFO: Run Behavior\BuildLiteBehavior [ RunTime:0.000023s ]
INFO: [ app_init ] --END-- [ RunTime:0.000775s ]
INFO: [ app_begin ] --START--
INFO: Run Behavior\ReadHtmlCacheBehavior [ RunTime:0.001519s ]
INFO: [ app_begin ] --END-- [ RunTime:0.001629s ]
SQL: SHOW COLUMNS FROM `ast_article` [ RunTime:0.0046s ]
SQL: SHOW COLUMNS FROM `ast_artcate` [ RunTime:0.0067s ]
SQL: SELECT * FROM `ast_article` WHERE `art_id` = 118  [ RunTime:0.0005s ]
SQL: SELECT * FROM `ast_article` WHERE `art_id` = 119  [ RunTime:0.0004s ]
SQL: SELECT * FROM `ast_article` WHERE `art_id` = 117  [ RunTime:0.0004s ]
SQL: UPDATE `ast_article` SET `art_num`='7' WHERE `art_id` = 118 [ RunTime:0.0025s ]
SQL: SELECT * FROM `ast_artcate` WHERE `cate_id` = 7  [ RunTime:0.0004s ]
INFO: [ view_parse ] --START--
INFO: [ template_filter ] --START--
INFO: Run Behavior\ContentReplaceBehavior [ RunTime:0.000519s ]
INFO: [ template_filter ] --END-- [ RunTime:0.000595s ]
NOTIC: [8] Undefined variable: user C:\xampp\htdocs\aiston\Application\Runtime\Cache\Home\0e3ebef7f1453ce2fc6c8a832bc204ee.php 第 19 行.
NOTIC: [8] Undefined variable: user C:\xampp\htdocs\aiston\Application\Runtime\Cache\Home\0e3ebef7f1453ce2fc6c8a832bc204ee.php 第 24 行.
NOTIC: [8] Undefined variable: user C:\xampp\htdocs\aiston\Application\Runtime\Cache\Home\0e3ebef7f1453ce2fc6c8a832bc204ee.php 第 30 行.
NOTIC: [8] Undefined variable: re_name C:\xampp\htdocs\aiston\Application\Runtime\Cache\Home\0e3ebef7f1453ce2fc6c8a832bc204ee.php 第 188 行.
NOTIC: [8] Undefined index: art_thumb1 C:\xampp\htdocs\aiston\Application\Runtime\Cache\Home\0e3ebef7f1453ce2fc6c8a832bc204ee.php 第 195 行.
NOTIC: [8] Undefined index: art_thumb2 C:\xampp\htdocs\aiston\Application\Runtime\Cache\Home\0e3ebef7f1453ce2fc6c8a832bc204ee.php 第 196 行.
INFO: Run Behavior\ParseTemplateBehavior [ RunTime:0.014310s ]
INFO: [ view_parse ] --END-- [ RunTime:0.014372s ]
INFO: [ view_filter ] --START--
INFO: Run Behavior\WriteHtmlCacheBehavior [ RunTime:0.000968s ]
INFO: [ view_filter ] --END-- [ RunTime:0.001031s ]
INFO: [ app_end ] --START--
INFO: Run Behavior\ShowPageTraceBehavior [ RunTime:0.001363s ]
INFO: [ app_end ] --END-- [ RunTime:0.001425s ]

[ 2016-04-02T12:35:48+08:00 ] ::1 /index.php/Home/Common/verify.html
INFO: [ app_init ] --START--
INFO: Run Behavior\BuildLiteBehavior [ RunTime:0.000027s ]
INFO: [ app_init ] --END-- [ RunTime:0.000949s ]
INFO: [ app_begin ] --START--
INFO: Run Behavior\ReadHtmlCacheBehavior [ RunTime:0.001652s ]
INFO: [ app_begin ] --END-- [ RunTime:0.001773s ]
INFO: [ app_end ] --START--
INFO: Run Behavior\ShowPageTraceBehavior [ RunTime:0.001748s ]
INFO: [ app_end ] --END-- [ RunTime:0.001875s ]

[ 2016-04-02T12:35:51+08:00 ] ::1 /index.php/Home/Article/Details/artid/119
INFO: [ app_init ] --START--
INFO: Run Behavior\BuildLiteBehavior [ RunTime:0.000017s ]
INFO: [ app_init ] --END-- [ RunTime:0.000570s ]
INFO: [ app_begin ] --START--
INFO: Run Behavior\ReadHtmlCacheBehavior [ RunTime:0.000774s ]
INFO: [ app_begin ] --END-- [ RunTime:0.000841s ]
SQL: SHOW COLUMNS FROM `ast_article` [ RunTime:0.0046s ]
SQL: SHOW COLUMNS FROM `ast_artcate` [ RunTime:0.0039s ]
SQL: SELECT * FROM `ast_article` WHERE `art_id` = 119  [ RunTime:0.0004s ]
SQL: SELECT * FROM `ast_article` WHERE `art_id` = 120  [ RunTime:0.0003s ]
SQL: SELECT * FROM `ast_article` WHERE `art_id` = 118  [ RunTime:0.0003s ]
SQL: UPDATE `ast_article` SET `art_num`='7' WHERE `art_id` = 119 [ RunTime:0.0003s ]
SQL: SELECT * FROM `ast_artcate` WHERE `cate_id` = 6  [ RunTime:0.0002s ]
INFO: [ view_parse ] --START--
INFO: [ template_filter ] --START--
INFO: Run Behavior\ContentReplaceBehavior [ RunTime:0.000235s ]
INFO: [ template_filter ] --END-- [ RunTime:0.000302s ]
NOTIC: [8] Undefined variable: user C:\xampp\htdocs\aiston\Application\Runtime\Cache\Home\0e3ebef7f1453ce2fc6c8a832bc204ee.php 第 19 行.
NOTIC: [8] Undefined variable: user C:\xampp\htdocs\aiston\Application\Runtime\Cache\Home\0e3ebef7f1453ce2fc6c8a832bc204ee.php 第 24 行.
NOTIC: [8] Undefined variable: user C:\xampp\htdocs\aiston\Application\Runtime\Cache\Home\0e3ebef7f1453ce2fc6c8a832bc204ee.php 第 30 行.
NOTIC: [8] Undefined variable: re_name C:\xampp\htdocs\aiston\Application\Runtime\Cache\Home\0e3ebef7f1453ce2fc6c8a832bc204ee.php 第 188 行.
NOTIC: [8] Undefined index: art_thumb C:\xampp\htdocs\aiston\Application\Runtime\Cache\Home\0e3ebef7f1453ce2fc6c8a832bc204ee.php 第 194 行.
NOTIC: [8] Undefined index: art_thumb1 C:\xampp\htdocs\aiston\Application\Runtime\Cache\Home\0e3ebef7f1453ce2fc6c8a832bc204ee.php 第 195 行.
NOTIC: [8] Undefined index: art_thumb2 C:\xampp\htdocs\aiston\Application\Runtime\Cache\Home\0e3ebef7f1453ce2fc6c8a832bc204ee.php 第 196 行.
INFO: Run Behavior\ParseTemplateBehavior [ RunTime:0.011790s ]
INFO: [ view_parse ] --END-- [ RunTime:0.011844s ]
INFO: [ view_filter ] --START--
INFO: Run Behavior\WriteHtmlCacheBehavior [ RunTime:0.000516s ]
INFO: [ view_filter ] --END-- [ RunTime:0.000576s ]
INFO: [ app_end ] --START--
INFO: Run Behavior\ShowPageTraceBehavior [ RunTime:0.001342s ]
INFO: [ app_end ] --END-- [ RunTime:0.001426s ]

[ 2016-04-02T12:35:51+08:00 ] ::1 /index.php/Home/Common/verify.html
INFO: [ app_init ] --START--
INFO: Run Behavior\BuildLiteBehavior [ RunTime:0.000028s ]
INFO: [ app_init ] --END-- [ RunTime:0.000874s ]
INFO: [ app_begin ] --START--
INFO: Run Behavior\ReadHtmlCacheBehavior [ RunTime:0.001447s ]
INFO: [ app_begin ] --END-- [ RunTime:0.001585s ]
INFO: [ app_end ] --START--
INFO: Run Behavior\ShowPageTraceBehavior [ RunTime:0.001582s ]
INFO: [ app_end ] --END-- [ RunTime:0.001723s ]

[ 2016-04-02T12:35:53+08:00 ] ::1 /index.php/Home/Article/Details/artid/120
INFO: [ app_init ] --START--
INFO: Run Behavior\BuildLiteBehavior [ RunTime:0.000028s ]
INFO: [ app_init ] --END-- [ RunTime:0.000922s ]
INFO: [ app_begin ] --START--
INFO: Run Behavior\ReadHtmlCacheBehavior [ RunTime:0.001140s ]
INFO: [ app_begin ] --END-- [ RunTime:0.001242s ]
SQL: SHOW COLUMNS FROM `ast_article` [ RunTime:0.0045s ]
SQL: SHOW COLUMNS FROM `ast_artcate` [ RunTime:0.0037s ]
SQL: SELECT * FROM `ast_article` WHERE `art_id` = 120  [ RunTime:0.0004s ]
SQL: SELECT * FROM `ast_article` WHERE `art_id` = 121  [ RunTime:0.0006s ]
SQL: SELECT * FROM `ast_article` WHERE `art_id` = 119  [ RunTime:0.0005s ]
SQL: UPDATE `ast_article` SET `art_num`='7' WHERE `art_id` = 120 [ RunTime:0.0005s ]
SQL: SELECT * FROM `ast_artcate` WHERE `cate_id` = 6  [ RunTime:0.0003s ]
INFO: [ view_parse ] --START--
INFO: [ template_filter ] --START--
INFO: Run Behavior\ContentReplaceBehavior [ RunTime:0.000174s ]
INFO: [ template_filter ] --END-- [ RunTime:0.000239s ]
NOTIC: [8] Undefined variable: user C:\xampp\htdocs\aiston\Application\Runtime\Cache\Home\0e3ebef7f1453ce2fc6c8a832bc204ee.php 第 19 行.
NOTIC: [8] Undefined variable: user C:\xampp\htdocs\aiston\Application\Runtime\Cache\Home\0e3ebef7f1453ce2fc6c8a832bc204ee.php 第 24 行.
NOTIC: [8] Undefined variable: user C:\xampp\htdocs\aiston\Application\Runtime\Cache\Home\0e3ebef7f1453ce2fc6c8a832bc204ee.php 第 30 行.
NOTIC: [8] Undefined variable: re_name C:\xampp\htdocs\aiston\Application\Runtime\Cache\Home\0e3ebef7f1453ce2fc6c8a832bc204ee.php 第 188 行.
NOTIC: [8] Undefined index: art_thumb C:\xampp\htdocs\aiston\Application\Runtime\Cache\Home\0e3ebef7f1453ce2fc6c8a832bc204ee.php 第 194 行.
NOTIC: [8] Undefined index: art_thumb1 C:\xampp\htdocs\aiston\Application\Runtime\Cache\Home\0e3ebef7f1453ce2fc6c8a832bc204ee.php 第 195 行.
NOTIC: [8] Undefined index: art_thumb2 C:\xampp\htdocs\aiston\Application\Runtime\Cache\Home\0e3ebef7f1453ce2fc6c8a832bc204ee.php 第 196 行.
INFO: Run Behavior\ParseTemplateBehavior [ RunTime:0.011467s ]
INFO: [ view_parse ] --END-- [ RunTime:0.011525s ]
INFO: [ view_filter ] --START--
INFO: Run Behavior\WriteHtmlCacheBehavior [ RunTime:0.000566s ]
INFO: [ view_filter ] --END-- [ RunTime:0.000631s ]
INFO: [ app_end ] --START--
INFO: Run Behavior\ShowPageTraceBehavior [ RunTime:0.000994s ]
INFO: [ app_end ] --END-- [ RunTime:0.001066s ]

[ 2016-04-02T12:35:53+08:00 ] ::1 /index.php/Home/Common/verify.html
INFO: [ app_init ] --START--
INFO: Run Behavior\BuildLiteBehavior [ RunTime:0.000045s ]
INFO: [ app_init ] --END-- [ RunTime:0.001112s ]
INFO: [ app_begin ] --START--
INFO: Run Behavior\ReadHtmlCacheBehavior [ RunTime:0.009374s ]
INFO: [ app_begin ] --END-- [ RunTime:0.009498s ]
INFO: [ app_end ] --START--
INFO: Run Behavior\ShowPageTraceBehavior [ RunTime:0.001305s ]
INFO: [ app_end ] --END-- [ RunTime:0.001432s ]

[ 2016-04-02T12:35:54+08:00 ] ::1 /index.php/Home/Article/Details/artid/121
INFO: [ app_init ] --START--
INFO: Run Behavior\BuildLiteBehavior [ RunTime:0.000022s ]
INFO: [ app_init ] --END-- [ RunTime:0.000536s ]
INFO: [ app_begin ] --START--
INFO: Run Behavior\ReadHtmlCacheBehavior [ RunTime:0.000839s ]
INFO: [ app_begin ] --END-- [ RunTime:0.000906s ]
SQL: SHOW COLUMNS FROM `ast_article` [ RunTime:0.0042s ]
SQL: SHOW COLUMNS FROM `ast_artcate` [ RunTime:0.0038s ]
SQL: SELECT * FROM `ast_article` WHERE `art_id` = 121  [ RunTime:0.0004s ]
SQL: SELECT * FROM `ast_article` WHERE `art_id` = 122  [ RunTime:0.0004s ]
SQL: SELECT * FROM `ast_article` WHERE `art_id` = 120  [ RunTime:0.0004s ]
SQL: UPDATE `ast_article` SET `art_num`='7' WHERE `art_id` = 121 [ RunTime:0.0005s ]
SQL: SELECT * FROM `ast_artcate` WHERE `cate_id` = 6  [ RunTime:0.0004s ]
INFO: [ view_parse ] --START--
INFO: [ template_filter ] --START--
INFO: Run Behavior\ContentReplaceBehavior [ RunTime:0.000216s ]
INFO: [ template_filter ] --END-- [ RunTime:0.000309s ]
NOTIC: [8] Undefined variable: user C:\xampp\htdocs\aiston\Application\Runtime\Cache\Home\0e3ebef7f1453ce2fc6c8a832bc204ee.php 第 19 行.
NOTIC: [8] Undefined variable: user C:\xampp\htdocs\aiston\Application\Runtime\Cache\Home\0e3ebef7f1453ce2fc6c8a832bc204ee.php 第 24 行.
NOTIC: [8] Undefined variable: user C:\xampp\htdocs\aiston\Application\Runtime\Cache\Home\0e3ebef7f1453ce2fc6c8a832bc204ee.php 第 30 行.
NOTIC: [8] Undefined variable: re_name C:\xampp\htdocs\aiston\Application\Runtime\Cache\Home\0e3ebef7f1453ce2fc6c8a832bc204ee.php 第 188 行.
NOTIC: [8] Undefined index: art_thumb C:\xampp\htdocs\aiston\Application\Runtime\Cache\Home\0e3ebef7f1453ce2fc6c8a832bc204ee.php 第 194 行.
NOTIC: [8] Undefined index: art_thumb1 C:\xampp\htdocs\aiston\Application\Runtime\Cache\Home\0e3ebef7f1453ce2fc6c8a832bc204ee.php 第 195 行.
NOTIC: [8] Undefined index: art_thumb2 C:\xampp\htdocs\aiston\Application\Runtime\Cache\Home\0e3ebef7f1453ce2fc6c8a832bc204ee.php 第 196 行.
INFO: Run Behavior\ParseTemplateBehavior [ RunTime:0.012606s ]
INFO: [ view_parse ] --END-- [ RunTime:0.012689s ]
INFO: [ view_filter ] --START--
INFO: Run Behavior\WriteHtmlCacheBehavior [ RunTime:0.000798s ]
INFO: [ view_filter ] --END-- [ RunTime:0.000883s ]
INFO: [ app_end ] --START--
INFO: Run Behavior\ShowPageTraceBehavior [ RunTime:0.001497s ]
INFO: [ app_end ] --END-- [ RunTime:0.001586s ]

[ 2016-04-02T12:35:55+08:00 ] ::1 /index.php/Home/Common/verify.html
INFO: [ app_init ] --START--
INFO: Run Behavior\BuildLiteBehavior [ RunTime:0.000034s ]
INFO: [ app_init ] --END-- [ RunTime:0.000767s ]
INFO: [ app_begin ] --START--
INFO: Run Behavior\ReadHtmlCacheBehavior [ RunTime:0.001691s ]
INFO: [ app_begin ] --END-- [ RunTime:0.001822s ]
INFO: [ app_end ] --START--
INFO: Run Behavior\ShowPageTraceBehavior [ RunTime:0.001706s ]
INFO: [ app_end ] --END-- [ RunTime:0.001838s ]

[ 2016-04-02T12:35:57+08:00 ] ::1 /index.php/Home/Index/index
INFO: [ app_init ] --START--
INFO: Run Behavior\BuildLiteBehavior [ RunTime:0.000019s ]
INFO: [ app_init ] --END-- [ RunTime:0.000519s ]
INFO: [ app_begin ] --START--
INFO: Run Behavior\ReadHtmlCacheBehavior [ RunTime:0.000766s ]
INFO: [ app_begin ] --END-- [ RunTime:0.000833s ]
SQL: SHOW COLUMNS FROM `ast_article` [ RunTime:0.0057s ]
SQL: SELECT * FROM `ast_article`  [ RunTime:0.0013s ]
SQL: SELECT * FROM `ast_article` WHERE `art_cateid` = 4 LIMIT 0,6   [ RunTime:0.0006s ]
SQL: SELECT * FROM `ast_article` WHERE `art_cateid` = 10 LIMIT 0,9   [ RunTime:0.0004s ]
SQL: SELECT * FROM `ast_article` WHERE `art_cateid` = 5 LIMIT 0,6   [ RunTime:0.0005s ]
SQL: SELECT * FROM `ast_article` WHERE `art_cateid` = 6 LIMIT 0,6   [ RunTime:0.0004s ]
SQL: SELECT * FROM `ast_article` WHERE `art_cateid` = 7 LIMIT 0,6   [ RunTime:0.0004s ]
SQL: SELECT * FROM `ast_article` WHERE `art_cateid` = 8 LIMIT 0,6   [ RunTime:0.0006s ]
SQL: SELECT * FROM `ast_article` WHERE `art_cateid` = 9 LIMIT 0,6   [ RunTime:0.0005s ]
SQL: SELECT * FROM `ast_article` WHERE `art_cateid` = 10 LIMIT 0,6   [ RunTime:0.0006s ]
SQL: SELECT * FROM `ast_article` WHERE `art_cateid` = 11 LIMIT 0,6   [ RunTime:0.0005s ]
SQL: SELECT * FROM `ast_article` WHERE `art_cateid` = 19 LIMIT 0,6   [ RunTime:0.0005s ]
INFO: [ view_parse ] --START--
INFO: [ template_filter ] --START--
INFO: Run Behavior\ContentReplaceBehavior [ RunTime:0.000234s ]
INFO: [ template_filter ] --END-- [ RunTime:0.000302s ]
NOTIC: [8] Undefined variable: user C:\xampp\htdocs\aiston\Application\Runtime\Cache\Home\2a94b8bda04ff446dcedd42276fc99ee.php 第 22 行.
NOTIC: [8] Undefined variable: user C:\xampp\htdocs\aiston\Application\Runtime\Cache\Home\2a94b8bda04ff446dcedd42276fc99ee.php 第 27 行.
NOTIC: [8] Undefined variable: user C:\xampp\htdocs\aiston\Application\Runtime\Cache\Home\2a94b8bda04ff446dcedd42276fc99ee.php 第 33 行.
INFO: Run Behavior\ParseTemplateBehavior [ RunTime:0.023809s ]
INFO: [ view_parse ] --END-- [ RunTime:0.023872s ]
INFO: [ view_filter ] --START--
INFO: Run Behavior\WriteHtmlCacheBehavior [ RunTime:0.000491s ]
INFO: [ view_filter ] --END-- [ RunTime:0.000538s ]
INFO: [ app_end ] --START--
INFO: Run Behavior\ShowPageTraceBehavior [ RunTime:0.001080s ]
INFO: [ app_end ] --END-- [ RunTime:0.001163s ]

[ 2016-04-02T12:35:57+08:00 ] ::1 /index.php/Home/Common/verify.html
INFO: [ app_init ] --START--
INFO: Run Behavior\BuildLiteBehavior [ RunTime:0.000017s ]
INFO: [ app_init ] --END-- [ RunTime:0.000539s ]
INFO: [ app_begin ] --START--
INFO: Run Behavior\ReadHtmlCacheBehavior [ RunTime:0.000796s ]
INFO: [ app_begin ] --END-- [ RunTime:0.000881s ]
INFO: [ app_end ] --START--
INFO: Run Behavior\ShowPageTraceBehavior [ RunTime:0.001386s ]
INFO: [ app_end ] --END-- [ RunTime:0.001519s ]

[ 2016-04-02T19:25:49+08:00 ] 127.0.0.1 /
INFO: [ app_init ] --START--
INFO: Run Behavior\BuildLiteBehavior [ RunTime:0.000037s ]
INFO: [ app_init ] --END-- [ RunTime:0.006631s ]
INFO: [ app_begin ] --START--
INFO: Run Behavior\ReadHtmlCacheBehavior [ RunTime:0.001553s ]
INFO: [ app_begin ] --END-- [ RunTime:0.001634s ]
SQL: SHOW COLUMNS FROM `ast_article` [ RunTime:0.0137s ]
SQL: SELECT * FROM `ast_article`  [ RunTime:0.0022s ]
SQL: SELECT * FROM `ast_article` WHERE `art_cateid` = 4 LIMIT 0,6   [ RunTime:0.0019s ]
SQL: SELECT * FROM `ast_article` WHERE `art_cateid` = 10 LIMIT 0,9   [ RunTime:0.0005s ]
SQL: SELECT * FROM `ast_article` WHERE `art_cateid` = 5 LIMIT 0,6   [ RunTime:0.0006s ]
SQL: SELECT * FROM `ast_article` WHERE `art_cateid` = 6 LIMIT 0,6   [ RunTime:0.0004s ]
SQL: SELECT * FROM `ast_article` WHERE `art_cateid` = 7 LIMIT 0,6   [ RunTime:0.0006s ]
SQL: SELECT * FROM `ast_article` WHERE `art_cateid` = 8 LIMIT 0,6   [ RunTime:0.0007s ]
SQL: SELECT * FROM `ast_article` WHERE `art_cateid` = 9 LIMIT 0,6   [ RunTime:0.0005s ]
SQL: SELECT * FROM `ast_article` WHERE `art_cateid` = 10 LIMIT 0,6   [ RunTime:0.0004s ]
SQL: SELECT * FROM `ast_article` WHERE `art_cateid` = 11 LIMIT 0,6   [ RunTime:0.0004s ]
SQL: SELECT * FROM `ast_article` WHERE `art_cateid` = 19 LIMIT 0,6   [ RunTime:0.0003s ]
INFO: [ view_parse ] --START--
INFO: [ template_filter ] --START--
INFO: Run Behavior\ContentReplaceBehavior [ RunTime:0.000732s ]
INFO: [ template_filter ] --END-- [ RunTime:0.000854s ]
NOTIC: [8] Undefined variable: user C:\xampp\htdocs\aiston\Application\Runtime\Cache\Home\2a94b8bda04ff446dcedd42276fc99ee.php 第 22 行.
NOTIC: [8] Undefined variable: user C:\xampp\htdocs\aiston\Application\Runtime\Cache\Home\2a94b8bda04ff446dcedd42276fc99ee.php 第 27 行.
NOTIC: [8] Undefined variable: user C:\xampp\htdocs\aiston\Application\Runtime\Cache\Home\2a94b8bda04ff446dcedd42276fc99ee.php 第 33 行.
INFO: Run Behavior\ParseTemplateBehavior [ RunTime:0.046684s ]
INFO: [ view_parse ] --END-- [ RunTime:0.046762s ]
INFO: [ view_filter ] --START--
INFO: Run Behavior\WriteHtmlCacheBehavior [ RunTime:0.001344s ]
INFO: [ view_filter ] --END-- [ RunTime:0.001408s ]
INFO: [ app_end ] --START--
INFO: Run Behavior\ShowPageTraceBehavior [ RunTime:0.002505s ]
INFO: [ app_end ] --END-- [ RunTime:0.002642s ]

