[ 2016-02-18T11:50:48+08:00 ] ::1 /
INFO: [ app_init ] --START--
INFO: Run Behavior\BuildLiteBehavior [ RunTime:0.000019s ]
INFO: [ app_init ] --END-- [ RunTime:0.000760s ]
INFO: [ app_begin ] --START--
INFO: Run Behavior\ReadHtmlCacheBehavior [ RunTime:0.001874s ]
INFO: [ app_begin ] --END-- [ RunTime:0.002025s ]
SQL: SHOW COLUMNS FROM `ast_article` [ RunTime:0.0102s ]
SQL: SELECT * FROM `ast_article`  [ RunTime:0.0023s ]
SQL: SELECT * FROM `ast_article` WHERE `art_cateid` = 4 LIMIT 0,6   [ RunTime:0.0004s ]
SQL: SELECT * FROM `ast_article` WHERE `art_cateid` = 10 LIMIT 0,9   [ RunTime:0.0003s ]
SQL: SELECT * FROM `ast_article` WHERE `art_cateid` = 5 LIMIT 0,6   [ RunTime:0.0004s ]
SQL: SELECT * FROM `ast_article` WHERE `art_cateid` = 6 LIMIT 0,6   [ RunTime:0.0005s ]
SQL: SELECT * FROM `ast_article` WHERE `art_cateid` = 7 LIMIT 0,6   [ RunTime:0.0006s ]
SQL: SELECT * FROM `ast_article` WHERE `art_cateid` = 8 LIMIT 0,6   [ RunTime:0.0006s ]
SQL: SELECT * FROM `ast_article` WHERE `art_cateid` = 9 LIMIT 0,6   [ RunTime:0.0005s ]
SQL: SELECT * FROM `ast_article` WHERE `art_cateid` = 10 LIMIT 0,6   [ RunTime:0.0007s ]
SQL: SELECT * FROM `ast_article` WHERE `art_cateid` = 11 LIMIT 0,6   [ RunTime:0.0005s ]
SQL: SELECT * FROM `ast_article` WHERE `art_cateid` = 19 LIMIT 0,6   [ RunTime:0.0005s ]
INFO: [ view_parse ] --START--
INFO: [ template_filter ] --START--
INFO: Run Behavior\ContentReplaceBehavior [ RunTime:0.000258s ]
INFO: [ template_filter ] --END-- [ RunTime:0.000330s ]
NOTIC: [8] Undefined variable: user C:\xampp\htdocs\aiston\Application\Runtime\Cache\Home\2a94b8bda04ff446dcedd42276fc99ee.php 第 22 行.
NOTIC: [8] Undefined variable: user C:\xampp\htdocs\aiston\Application\Runtime\Cache\Home\2a94b8bda04ff446dcedd42276fc99ee.php 第 27 行.
NOTIC: [8] Undefined variable: user C:\xampp\htdocs\aiston\Application\Runtime\Cache\Home\2a94b8bda04ff446dcedd42276fc99ee.php 第 33 行.
INFO: Run Behavior\ParseTemplateBehavior [ RunTime:0.036403s ]
INFO: [ view_parse ] --END-- [ RunTime:0.036498s ]
INFO: [ view_filter ] --START--
INFO: Run Behavior\WriteHtmlCacheBehavior [ RunTime:0.001215s ]
INFO: [ view_filter ] --END-- [ RunTime:0.001267s ]
INFO: [ app_end ] --START--
INFO: Run Behavior\ShowPageTraceBehavior [ RunTime:0.002529s ]
INFO: [ app_end ] --END-- [ RunTime:0.002619s ]

[ 2016-02-18T11:50:48+08:00 ] ::1 /index.php/Home/Common/verify.html
INFO: [ app_init ] --START--
INFO: Run Behavior\BuildLiteBehavior [ RunTime:0.000030s ]
INFO: [ app_init ] --END-- [ RunTime:0.001392s ]
INFO: [ app_begin ] --START--
INFO: Run Behavior\ReadHtmlCacheBehavior [ RunTime:0.002645s ]
INFO: [ app_begin ] --END-- [ RunTime:0.002817s ]
INFO: [ app_end ] --START--
INFO: Run Behavior\ShowPageTraceBehavior [ RunTime:0.002445s ]
INFO: [ app_end ] --END-- [ RunTime:0.002578s ]

