[ 2016-02-17T09:22:10+08:00 ] ::1 /
INFO: [ app_init ] --START--
INFO: Run Behavior\BuildLiteBehavior [ RunTime:0.000032s ]
INFO: [ app_init ] --END-- [ RunTime:0.003386s ]
INFO: [ app_begin ] --START--
INFO: Run Behavior\ReadHtmlCacheBehavior [ RunTime:0.001446s ]
INFO: [ app_begin ] --END-- [ RunTime:0.001540s ]
SQL: SHOW COLUMNS FROM `ast_article` [ RunTime:0.0119s ]
SQL: SELECT * FROM `ast_article`  [ RunTime:0.0020s ]
SQL: SELECT * FROM `ast_article` WHERE `art_cateid` = 4 LIMIT 0,6   [ RunTime:0.0028s ]
SQL: SELECT * FROM `ast_article` WHERE `art_cateid` = 10 LIMIT 0,9   [ RunTime:0.0009s ]
SQL: SELECT * FROM `ast_article` WHERE `art_cateid` = 5 LIMIT 0,6   [ RunTime:0.0008s ]
SQL: SELECT * FROM `ast_article` WHERE `art_cateid` = 6 LIMIT 0,6   [ RunTime:0.0008s ]
SQL: SELECT * FROM `ast_article` WHERE `art_cateid` = 7 LIMIT 0,6   [ RunTime:0.0005s ]
SQL: SELECT * FROM `ast_article` WHERE `art_cateid` = 8 LIMIT 0,6   [ RunTime:0.0005s ]
SQL: SELECT * FROM `ast_article` WHERE `art_cateid` = 9 LIMIT 0,6   [ RunTime:0.0003s ]
SQL: SELECT * FROM `ast_article` WHERE `art_cateid` = 10 LIMIT 0,6   [ RunTime:0.0003s ]
SQL: SELECT * FROM `ast_article` WHERE `art_cateid` = 11 LIMIT 0,6   [ RunTime:0.0003s ]
SQL: SELECT * FROM `ast_article` WHERE `art_cateid` = 19 LIMIT 0,6   [ RunTime:0.0003s ]
INFO: [ view_parse ] --START--
INFO: [ template_filter ] --START--
INFO: Run Behavior\ContentReplaceBehavior [ RunTime:0.000240s ]
INFO: [ template_filter ] --END-- [ RunTime:0.000308s ]
NOTIC: [8] Undefined variable: user C:\xampp\htdocs\aiston\Application\Runtime\Cache\Home\2a94b8bda04ff446dcedd42276fc99ee.php 第 22 行.
NOTIC: [8] Undefined variable: user C:\xampp\htdocs\aiston\Application\Runtime\Cache\Home\2a94b8bda04ff446dcedd42276fc99ee.php 第 27 行.
NOTIC: [8] Undefined variable: user C:\xampp\htdocs\aiston\Application\Runtime\Cache\Home\2a94b8bda04ff446dcedd42276fc99ee.php 第 33 行.
INFO: Run Behavior\ParseTemplateBehavior [ RunTime:0.030700s ]
INFO: [ view_parse ] --END-- [ RunTime:0.030767s ]
INFO: [ view_filter ] --START--
INFO: Run Behavior\WriteHtmlCacheBehavior [ RunTime:0.000884s ]
INFO: [ view_filter ] --END-- [ RunTime:0.000935s ]
INFO: [ app_end ] --START--
INFO: Run Behavior\ShowPageTraceBehavior [ RunTime:0.001500s ]
INFO: [ app_end ] --END-- [ RunTime:0.001589s ]

[ 2016-02-17T09:22:10+08:00 ] ::1 /index.php/Home/Common/verify.html
INFO: [ app_init ] --START--
INFO: Run Behavior\BuildLiteBehavior [ RunTime:0.000017s ]
INFO: [ app_init ] --END-- [ RunTime:0.000585s ]
INFO: [ app_begin ] --START--
INFO: Run Behavior\ReadHtmlCacheBehavior [ RunTime:0.001013s ]
INFO: [ app_begin ] --END-- [ RunTime:0.001082s ]
INFO: [ app_end ] --START--
INFO: Run Behavior\ShowPageTraceBehavior [ RunTime:0.001651s ]
INFO: [ app_end ] --END-- [ RunTime:0.001780s ]

[ 2016-02-17T09:22:36+08:00 ] ::1 /index.php/Home/Index/index
INFO: [ app_init ] --START--
INFO: Run Behavior\BuildLiteBehavior [ RunTime:0.000028s ]
INFO: [ app_init ] --END-- [ RunTime:0.001041s ]
INFO: [ app_begin ] --START--
INFO: Run Behavior\ReadHtmlCacheBehavior [ RunTime:0.001437s ]
INFO: [ app_begin ] --END-- [ RunTime:0.001595s ]
SQL: SHOW COLUMNS FROM `ast_article` [ RunTime:0.0075s ]
SQL: SELECT * FROM `ast_article`  [ RunTime:0.0025s ]
SQL: SELECT * FROM `ast_article` WHERE `art_cateid` = 4 LIMIT 0,6   [ RunTime:0.0007s ]
SQL: SELECT * FROM `ast_article` WHERE `art_cateid` = 10 LIMIT 0,9   [ RunTime:0.0006s ]
SQL: SELECT * FROM `ast_article` WHERE `art_cateid` = 5 LIMIT 0,6   [ RunTime:0.0010s ]
SQL: SELECT * FROM `ast_article` WHERE `art_cateid` = 6 LIMIT 0,6   [ RunTime:0.0005s ]
SQL: SELECT * FROM `ast_article` WHERE `art_cateid` = 7 LIMIT 0,6   [ RunTime:0.0005s ]
SQL: SELECT * FROM `ast_article` WHERE `art_cateid` = 8 LIMIT 0,6   [ RunTime:0.0008s ]
SQL: SELECT * FROM `ast_article` WHERE `art_cateid` = 9 LIMIT 0,6   [ RunTime:0.0004s ]
SQL: SELECT * FROM `ast_article` WHERE `art_cateid` = 10 LIMIT 0,6   [ RunTime:0.0003s ]
SQL: SELECT * FROM `ast_article` WHERE `art_cateid` = 11 LIMIT 0,6   [ RunTime:0.0003s ]
SQL: SELECT * FROM `ast_article` WHERE `art_cateid` = 19 LIMIT 0,6   [ RunTime:0.0003s ]
INFO: [ view_parse ] --START--
INFO: [ template_filter ] --START--
INFO: Run Behavior\ContentReplaceBehavior [ RunTime:0.000719s ]
INFO: [ template_filter ] --END-- [ RunTime:0.000813s ]
NOTIC: [8] Undefined variable: user C:\xampp\htdocs\aiston\Application\Runtime\Cache\Home\2a94b8bda04ff446dcedd42276fc99ee.php 第 22 行.
NOTIC: [8] Undefined variable: user C:\xampp\htdocs\aiston\Application\Runtime\Cache\Home\2a94b8bda04ff446dcedd42276fc99ee.php 第 27 行.
NOTIC: [8] Undefined variable: user C:\xampp\htdocs\aiston\Application\Runtime\Cache\Home\2a94b8bda04ff446dcedd42276fc99ee.php 第 33 行.
INFO: Run Behavior\ParseTemplateBehavior [ RunTime:0.035039s ]
INFO: [ view_parse ] --END-- [ RunTime:0.035181s ]
INFO: [ view_filter ] --START--
INFO: Run Behavior\WriteHtmlCacheBehavior [ RunTime:0.000860s ]
INFO: [ view_filter ] --END-- [ RunTime:0.000934s ]
INFO: [ app_end ] --START--
INFO: Run Behavior\ShowPageTraceBehavior [ RunTime:0.002046s ]
INFO: [ app_end ] --END-- [ RunTime:0.002204s ]

[ 2016-02-17T09:22:36+08:00 ] ::1 /index.php/Home/Common/verify.html
INFO: [ app_init ] --START--
INFO: Run Behavior\BuildLiteBehavior [ RunTime:0.000017s ]
INFO: [ app_init ] --END-- [ RunTime:0.000521s ]
INFO: [ app_begin ] --START--
INFO: Run Behavior\ReadHtmlCacheBehavior [ RunTime:0.000794s ]
INFO: [ app_begin ] --END-- [ RunTime:0.000874s ]
INFO: [ app_end ] --START--
INFO: Run Behavior\ShowPageTraceBehavior [ RunTime:0.001861s ]
INFO: [ app_end ] --END-- [ RunTime:0.002097s ]

[ 2016-02-17T09:22:41+08:00 ] ::1 /index.php/Home/Article/zhengce
INFO: [ app_init ] --START--
INFO: Run Behavior\BuildLiteBehavior [ RunTime:0.000027s ]
INFO: [ app_init ] --END-- [ RunTime:0.000810s ]
INFO: [ app_begin ] --START--
INFO: Run Behavior\ReadHtmlCacheBehavior [ RunTime:0.001332s ]
INFO: [ app_begin ] --END-- [ RunTime:0.001486s ]
SQL: SHOW COLUMNS FROM `ast_article` [ RunTime:0.0067s ]
SQL: SELECT * FROM `ast_article` WHERE `art_cateid` = 9  [ RunTime:0.0015s ]
INFO: [ view_parse ] --START--
INFO: [ template_filter ] --START--
INFO: Run Behavior\ContentReplaceBehavior [ RunTime:0.000132s ]
INFO: [ template_filter ] --END-- [ RunTime:0.000203s ]
NOTIC: [8] Undefined variable: user C:\xampp\htdocs\aiston\Application\Runtime\Cache\Home\b91d6b571dc3bd1981cdf59010f1ed6f.php 第 19 行.
NOTIC: [8] Undefined variable: user C:\xampp\htdocs\aiston\Application\Runtime\Cache\Home\b91d6b571dc3bd1981cdf59010f1ed6f.php 第 24 行.
NOTIC: [8] Undefined variable: user C:\xampp\htdocs\aiston\Application\Runtime\Cache\Home\b91d6b571dc3bd1981cdf59010f1ed6f.php 第 30 行.
INFO: Run Behavior\ParseTemplateBehavior [ RunTime:0.019243s ]
INFO: [ view_parse ] --END-- [ RunTime:0.019386s ]
INFO: [ view_filter ] --START--
INFO: Run Behavior\WriteHtmlCacheBehavior [ RunTime:0.000658s ]
INFO: [ view_filter ] --END-- [ RunTime:0.000726s ]
INFO: [ app_end ] --START--
INFO: Run Behavior\ShowPageTraceBehavior [ RunTime:0.000915s ]
INFO: [ app_end ] --END-- [ RunTime:0.001021s ]

[ 2016-02-17T09:22:41+08:00 ] ::1 /index.php/Home/Common/verify.html
INFO: [ app_init ] --START--
INFO: Run Behavior\BuildLiteBehavior [ RunTime:0.000027s ]
INFO: [ app_init ] --END-- [ RunTime:0.000860s ]
INFO: [ app_begin ] --START--
INFO: Run Behavior\ReadHtmlCacheBehavior [ RunTime:0.001016s ]
INFO: [ app_begin ] --END-- [ RunTime:0.001156s ]
INFO: [ app_end ] --START--
INFO: Run Behavior\ShowPageTraceBehavior [ RunTime:0.001801s ]
INFO: [ app_end ] --END-- [ RunTime:0.001937s ]

[ 2016-02-17T09:22:43+08:00 ] ::1 /index.php/Home/Article/Tieqi
INFO: [ app_init ] --START--
INFO: Run Behavior\BuildLiteBehavior [ RunTime:0.000018s ]
INFO: [ app_init ] --END-- [ RunTime:0.000471s ]
INFO: [ app_begin ] --START--
INFO: Run Behavior\ReadHtmlCacheBehavior [ RunTime:0.000722s ]
INFO: [ app_begin ] --END-- [ RunTime:0.000790s ]
SQL: SHOW COLUMNS FROM `ast_tg` [ RunTime:0.0203s ]
SQL: SELECT * FROM `ast_tg` WHERE `tg_shenghe` = 1  [ RunTime:0.0004s ]
INFO: [ view_parse ] --START--
INFO: [ template_filter ] --START--
INFO: Run Behavior\ContentReplaceBehavior [ RunTime:0.000138s ]
INFO: [ template_filter ] --END-- [ RunTime:0.000202s ]
NOTIC: [8] Undefined variable: user C:\xampp\htdocs\aiston\Application\Runtime\Cache\Home\dfdc673d41e173446792fc3e6cba3e27.php 第 19 行.
NOTIC: [8] Undefined variable: user C:\xampp\htdocs\aiston\Application\Runtime\Cache\Home\dfdc673d41e173446792fc3e6cba3e27.php 第 24 行.
NOTIC: [8] Undefined variable: user C:\xampp\htdocs\aiston\Application\Runtime\Cache\Home\dfdc673d41e173446792fc3e6cba3e27.php 第 30 行.
INFO: Run Behavior\ParseTemplateBehavior [ RunTime:0.013061s ]
INFO: [ view_parse ] --END-- [ RunTime:0.013128s ]
INFO: [ view_filter ] --START--
INFO: Run Behavior\WriteHtmlCacheBehavior [ RunTime:0.000488s ]
INFO: [ view_filter ] --END-- [ RunTime:0.000535s ]
INFO: [ app_end ] --START--
INFO: Run Behavior\ShowPageTraceBehavior [ RunTime:0.000725s ]
INFO: [ app_end ] --END-- [ RunTime:0.000773s ]

[ 2016-02-17T09:22:43+08:00 ] ::1 /index.php/Home/Common/verify.html
INFO: [ app_init ] --START--
INFO: Run Behavior\BuildLiteBehavior [ RunTime:0.000026s ]
INFO: [ app_init ] --END-- [ RunTime:0.000810s ]
INFO: [ app_begin ] --START--
INFO: Run Behavior\ReadHtmlCacheBehavior [ RunTime:0.001662s ]
INFO: [ app_begin ] --END-- [ RunTime:0.001837s ]
INFO: [ app_end ] --START--
INFO: Run Behavior\ShowPageTraceBehavior [ RunTime:0.003680s ]
INFO: [ app_end ] --END-- [ RunTime:0.003858s ]

[ 2016-02-17T09:24:56+08:00 ] ::1 /index.php/Home/Index/index
INFO: [ app_init ] --START--
INFO: Run Behavior\BuildLiteBehavior [ RunTime:0.000055s ]
INFO: [ app_init ] --END-- [ RunTime:0.001328s ]
INFO: [ app_begin ] --START--
INFO: Run Behavior\ReadHtmlCacheBehavior [ RunTime:0.001430s ]
INFO: [ app_begin ] --END-- [ RunTime:0.001562s ]
SQL: SHOW COLUMNS FROM `ast_article` [ RunTime:0.0050s ]
SQL: SELECT * FROM `ast_article`  [ RunTime:0.0015s ]
SQL: SELECT * FROM `ast_article` WHERE `art_cateid` = 4 LIMIT 0,6   [ RunTime:0.0004s ]
SQL: SELECT * FROM `ast_article` WHERE `art_cateid` = 10 LIMIT 0,9   [ RunTime:0.0003s ]
SQL: SELECT * FROM `ast_article` WHERE `art_cateid` = 5 LIMIT 0,6   [ RunTime:0.0004s ]
SQL: SELECT * FROM `ast_article` WHERE `art_cateid` = 6 LIMIT 0,6   [ RunTime:0.0004s ]
SQL: SELECT * FROM `ast_article` WHERE `art_cateid` = 7 LIMIT 0,6   [ RunTime:0.0005s ]
SQL: SELECT * FROM `ast_article` WHERE `art_cateid` = 8 LIMIT 0,6   [ RunTime:0.0006s ]
SQL: SELECT * FROM `ast_article` WHERE `art_cateid` = 9 LIMIT 0,6   [ RunTime:0.0004s ]
SQL: SELECT * FROM `ast_article` WHERE `art_cateid` = 10 LIMIT 0,6   [ RunTime:0.0003s ]
SQL: SELECT * FROM `ast_article` WHERE `art_cateid` = 11 LIMIT 0,6   [ RunTime:0.0003s ]
SQL: SELECT * FROM `ast_article` WHERE `art_cateid` = 19 LIMIT 0,6   [ RunTime:0.0003s ]
INFO: [ view_parse ] --START--
INFO: [ template_filter ] --START--
INFO: Run Behavior\ContentReplaceBehavior [ RunTime:0.000266s ]
INFO: [ template_filter ] --END-- [ RunTime:0.000343s ]
NOTIC: [8] Undefined variable: user C:\xampp\htdocs\aiston\Application\Runtime\Cache\Home\2a94b8bda04ff446dcedd42276fc99ee.php 第 22 行.
NOTIC: [8] Undefined variable: user C:\xampp\htdocs\aiston\Application\Runtime\Cache\Home\2a94b8bda04ff446dcedd42276fc99ee.php 第 27 行.
NOTIC: [8] Undefined variable: user C:\xampp\htdocs\aiston\Application\Runtime\Cache\Home\2a94b8bda04ff446dcedd42276fc99ee.php 第 33 行.
INFO: Run Behavior\ParseTemplateBehavior [ RunTime:0.028644s ]
INFO: [ view_parse ] --END-- [ RunTime:0.028743s ]
INFO: [ view_filter ] --START--
INFO: Run Behavior\WriteHtmlCacheBehavior [ RunTime:0.001115s ]
INFO: [ view_filter ] --END-- [ RunTime:0.001193s ]
INFO: [ app_end ] --START--
INFO: Run Behavior\ShowPageTraceBehavior [ RunTime:0.001665s ]
INFO: [ app_end ] --END-- [ RunTime:0.001744s ]

[ 2016-02-17T09:24:57+08:00 ] ::1 /index.php/Home/Common/verify.html
INFO: [ app_init ] --START--
INFO: Run Behavior\BuildLiteBehavior [ RunTime:0.000029s ]
INFO: [ app_init ] --END-- [ RunTime:0.001499s ]
INFO: [ app_begin ] --START--
INFO: Run Behavior\ReadHtmlCacheBehavior [ RunTime:0.001739s ]
INFO: [ app_begin ] --END-- [ RunTime:0.001853s ]
INFO: [ app_end ] --START--
INFO: Run Behavior\ShowPageTraceBehavior [ RunTime:0.001758s ]
INFO: [ app_end ] --END-- [ RunTime:0.001872s ]

[ 2016-02-17T09:25:05+08:00 ] ::1 /index.php/Home/Article/Dadui
INFO: [ app_init ] --START--
INFO: Run Behavior\BuildLiteBehavior [ RunTime:0.000018s ]
INFO: [ app_init ] --END-- [ RunTime:0.000747s ]
INFO: [ app_begin ] --START--
INFO: Run Behavior\ReadHtmlCacheBehavior [ RunTime:0.001866s ]
INFO: [ app_begin ] --END-- [ RunTime:0.002031s ]
SQL: SHOW COLUMNS FROM `ast_article` [ RunTime:0.0044s ]
SQL: SELECT * FROM `ast_article` WHERE `art_cateid` = 10  [ RunTime:0.0008s ]
INFO: [ view_parse ] --START--
INFO: [ template_filter ] --START--
INFO: Run Behavior\ContentReplaceBehavior [ RunTime:0.000189s ]
INFO: [ template_filter ] --END-- [ RunTime:0.000256s ]
NOTIC: [8] Undefined variable: user C:\xampp\htdocs\aiston\Application\Runtime\Cache\Home\f320df477518782818be6243529173ab.php 第 19 行.
NOTIC: [8] Undefined variable: user C:\xampp\htdocs\aiston\Application\Runtime\Cache\Home\f320df477518782818be6243529173ab.php 第 24 行.
NOTIC: [8] Undefined variable: user C:\xampp\htdocs\aiston\Application\Runtime\Cache\Home\f320df477518782818be6243529173ab.php 第 30 行.
INFO: Run Behavior\ParseTemplateBehavior [ RunTime:0.016129s ]
INFO: [ view_parse ] --END-- [ RunTime:0.016321s ]
INFO: [ view_filter ] --START--
INFO: Run Behavior\WriteHtmlCacheBehavior [ RunTime:0.000848s ]
INFO: [ view_filter ] --END-- [ RunTime:0.000910s ]
INFO: [ app_end ] --START--
INFO: Run Behavior\ShowPageTraceBehavior [ RunTime:0.001871s ]
INFO: [ app_end ] --END-- [ RunTime:0.001972s ]

[ 2016-02-17T09:25:05+08:00 ] ::1 /index.php/Home/Common/verify.html
INFO: [ app_init ] --START--
INFO: Run Behavior\BuildLiteBehavior [ RunTime:0.000028s ]
INFO: [ app_init ] --END-- [ RunTime:0.001005s ]
INFO: [ app_begin ] --START--
INFO: Run Behavior\ReadHtmlCacheBehavior [ RunTime:0.001505s ]
INFO: [ app_begin ] --END-- [ RunTime:0.001672s ]
INFO: [ app_end ] --START--
INFO: Run Behavior\ShowPageTraceBehavior [ RunTime:0.001236s ]
INFO: [ app_end ] --END-- [ RunTime:0.001316s ]

[ 2016-02-17T09:55:16+08:00 ] 127.0.0.1 /
INFO: [ app_init ] --START--
INFO: Run Behavior\BuildLiteBehavior [ RunTime:0.000020s ]
INFO: [ app_init ] --END-- [ RunTime:0.000646s ]
INFO: [ app_begin ] --START--
INFO: Run Behavior\ReadHtmlCacheBehavior [ RunTime:0.001872s ]
INFO: [ app_begin ] --END-- [ RunTime:0.001952s ]
SQL: SHOW COLUMNS FROM `ast_article` [ RunTime:0.0067s ]
SQL: SELECT * FROM `ast_article`  [ RunTime:0.0013s ]
SQL: SELECT * FROM `ast_article` WHERE `art_cateid` = 4 LIMIT 0,6   [ RunTime:0.0004s ]
SQL: SELECT * FROM `ast_article` WHERE `art_cateid` = 10 LIMIT 0,9   [ RunTime:0.0004s ]
SQL: SELECT * FROM `ast_article` WHERE `art_cateid` = 5 LIMIT 0,6   [ RunTime:0.0006s ]
SQL: SELECT * FROM `ast_article` WHERE `art_cateid` = 6 LIMIT 0,6   [ RunTime:0.0005s ]
SQL: SELECT * FROM `ast_article` WHERE `art_cateid` = 7 LIMIT 0,6   [ RunTime:0.0005s ]
SQL: SELECT * FROM `ast_article` WHERE `art_cateid` = 8 LIMIT 0,6   [ RunTime:0.0008s ]
SQL: SELECT * FROM `ast_article` WHERE `art_cateid` = 9 LIMIT 0,6   [ RunTime:0.0007s ]
SQL: SELECT * FROM `ast_article` WHERE `art_cateid` = 10 LIMIT 0,6   [ RunTime:0.0005s ]
SQL: SELECT * FROM `ast_article` WHERE `art_cateid` = 11 LIMIT 0,6   [ RunTime:0.0006s ]
SQL: SELECT * FROM `ast_article` WHERE `art_cateid` = 19 LIMIT 0,6   [ RunTime:0.0005s ]
INFO: [ view_parse ] --START--
INFO: [ template_filter ] --START--
INFO: Run Behavior\ContentReplaceBehavior [ RunTime:0.000236s ]
INFO: [ template_filter ] --END-- [ RunTime:0.000306s ]
NOTIC: [8] Undefined variable: user C:\xampp\htdocs\aiston\Application\Runtime\Cache\Home\2a94b8bda04ff446dcedd42276fc99ee.php 第 22 行.
NOTIC: [8] Undefined variable: user C:\xampp\htdocs\aiston\Application\Runtime\Cache\Home\2a94b8bda04ff446dcedd42276fc99ee.php 第 27 行.
NOTIC: [8] Undefined variable: user C:\xampp\htdocs\aiston\Application\Runtime\Cache\Home\2a94b8bda04ff446dcedd42276fc99ee.php 第 33 行.
INFO: Run Behavior\ParseTemplateBehavior [ RunTime:0.047209s ]
INFO: [ view_parse ] --END-- [ RunTime:0.047301s ]
INFO: [ view_filter ] --START--
INFO: Run Behavior\WriteHtmlCacheBehavior [ RunTime:0.001047s ]
INFO: [ view_filter ] --END-- [ RunTime:0.001101s ]
INFO: [ app_end ] --START--
INFO: Run Behavior\ShowPageTraceBehavior [ RunTime:0.001343s ]
INFO: [ app_end ] --END-- [ RunTime:0.001410s ]

[ 2016-02-17T15:55:06+08:00 ] ::1 /
INFO: [ app_init ] --START--
INFO: Run Behavior\BuildLiteBehavior [ RunTime:0.000020s ]
INFO: [ app_init ] --END-- [ RunTime:0.000769s ]
INFO: [ app_begin ] --START--
INFO: Run Behavior\ReadHtmlCacheBehavior [ RunTime:0.001464s ]
INFO: [ app_begin ] --END-- [ RunTime:0.001556s ]
SQL: SHOW COLUMNS FROM `ast_article` [ RunTime:0.0044s ]
SQL: SELECT * FROM `ast_article`  [ RunTime:0.0012s ]
SQL: SELECT * FROM `ast_article` WHERE `art_cateid` = 4 LIMIT 0,6   [ RunTime:0.0004s ]
SQL: SELECT * FROM `ast_article` WHERE `art_cateid` = 10 LIMIT 0,9   [ RunTime:0.0003s ]
SQL: SELECT * FROM `ast_article` WHERE `art_cateid` = 5 LIMIT 0,6   [ RunTime:0.0005s ]
SQL: SELECT * FROM `ast_article` WHERE `art_cateid` = 6 LIMIT 0,6   [ RunTime:0.0003s ]
SQL: SELECT * FROM `ast_article` WHERE `art_cateid` = 7 LIMIT 0,6   [ RunTime:0.0003s ]
SQL: SELECT * FROM `ast_article` WHERE `art_cateid` = 8 LIMIT 0,6   [ RunTime:0.0004s ]
SQL: SELECT * FROM `ast_article` WHERE `art_cateid` = 9 LIMIT 0,6   [ RunTime:0.0003s ]
SQL: SELECT * FROM `ast_article` WHERE `art_cateid` = 10 LIMIT 0,6   [ RunTime:0.0003s ]
SQL: SELECT * FROM `ast_article` WHERE `art_cateid` = 11 LIMIT 0,6   [ RunTime:0.0003s ]
SQL: SELECT * FROM `ast_article` WHERE `art_cateid` = 19 LIMIT 0,6   [ RunTime:0.0003s ]
INFO: [ view_parse ] --START--
INFO: [ template_filter ] --START--
INFO: Run Behavior\ContentReplaceBehavior [ RunTime:0.000389s ]
INFO: [ template_filter ] --END-- [ RunTime:0.000491s ]
NOTIC: [8] Undefined variable: user C:\xampp\htdocs\aiston\Application\Runtime\Cache\Home\2a94b8bda04ff446dcedd42276fc99ee.php 第 22 行.
NOTIC: [8] Undefined variable: user C:\xampp\htdocs\aiston\Application\Runtime\Cache\Home\2a94b8bda04ff446dcedd42276fc99ee.php 第 27 行.
NOTIC: [8] Undefined variable: user C:\xampp\htdocs\aiston\Application\Runtime\Cache\Home\2a94b8bda04ff446dcedd42276fc99ee.php 第 33 行.
INFO: Run Behavior\ParseTemplateBehavior [ RunTime:0.029613s ]
INFO: [ view_parse ] --END-- [ RunTime:0.029684s ]
INFO: [ view_filter ] --START--
INFO: Run Behavior\WriteHtmlCacheBehavior [ RunTime:0.000861s ]
INFO: [ view_filter ] --END-- [ RunTime:0.000920s ]
INFO: [ app_end ] --START--
INFO: Run Behavior\ShowPageTraceBehavior [ RunTime:0.001829s ]
INFO: [ app_end ] --END-- [ RunTime:0.001958s ]

[ 2016-02-17T15:55:06+08:00 ] ::1 /index.php/Home/Common/verify.html
INFO: [ app_init ] --START--
INFO: Run Behavior\BuildLiteBehavior [ RunTime:0.000017s ]
INFO: [ app_init ] --END-- [ RunTime:0.000668s ]
INFO: [ app_begin ] --START--
INFO: Run Behavior\ReadHtmlCacheBehavior [ RunTime:0.001120s ]
INFO: [ app_begin ] --END-- [ RunTime:0.001195s ]
INFO: [ app_end ] --START--
INFO: Run Behavior\ShowPageTraceBehavior [ RunTime:0.001289s ]
INFO: [ app_end ] --END-- [ RunTime:0.001387s ]

